{
  "stats": {
    "suites": 1,
    "tests": 3,
    "passes": 3,
    "pending": 0,
    "failures": 0,
    "start": "2024-10-06T09:09:06.257Z",
    "end": "2024-10-06T09:09:10.576Z",
    "duration": 4319,
    "testsRegistered": 3,
    "passPercent": 100,
    "pendingPercent": 0,
    "other": 0,
    "hasOther": false,
    "skipped": 0,
    "hasSkipped": false
  },
  "results": [
    {
      "uuid": "06a3b4c3-4d00-41d8-b033-ef39aa8dd25c",
      "title": "",
      "fullFile": "cypress\\integration\\testapi\\trello.cy.js",
      "file": "cypress\\integration\\testapi\\trello.cy.js",
      "beforeHooks": [],
      "afterHooks": [],
      "tests": [],
      "suites": [
        {
          "uuid": "fd0f1d22-e4c7-4b2b-80b3-56ee33eeef15",
          "title": "CRUD Operations on Trello",
          "fullFile": "",
          "file": "",
          "beforeHooks": [],
          "afterHooks": [],
          "tests": [
            {
              "title": "Create a board",
              "fullTitle": "CRUD Operations on Trello Create a board",
              "timedOut": null,
              "duration": 1628,
              "state": "passed",
              "speed": "fast",
              "pass": true,
              "fail": false,
              "pending": false,
              "context": null,
              "code": "cy.request({\n  method: \"POST\",\n  url: `${baseURl}/1/boards/`,\n  qs: {\n    name: boardName1,\n    key: apikey,\n    token: apiToken\n  }\n}).then(response => {\n  expect(response.status).to.eql(200);\n  boardId = response.body.id;\n  cy.log(`Board ID: ${boardId}`);\n});",
              "err": {},
              "uuid": "8c76c590-2384-491e-ab3b-e93aff138607",
              "parentUUID": "fd0f1d22-e4c7-4b2b-80b3-56ee33eeef15",
              "isHook": false,
              "skipped": false
            },
            {
              "title": "Update the board name",
              "fullTitle": "CRUD Operations on Trello Update the board name",
              "timedOut": null,
              "duration": 595,
              "state": "passed",
              "speed": "fast",
              "pass": true,
              "fail": false,
              "pending": false,
              "context": null,
              "code": "cy.request({\n  method: \"PUT\",\n  url: `${baseURl}/1/boards/${boardId}`,\n  qs: {\n    name: \"Updated Board Name\",\n    key: apikey,\n    token: apiToken\n  }\n}).then(response => {\n  expect(response.status).to.eq(200);\n  cy.log('Board updated successfully');\n});",
              "err": {},
              "uuid": "8e6f09ff-655d-4577-b83e-ae23bf951ae4",
              "parentUUID": "fd0f1d22-e4c7-4b2b-80b3-56ee33eeef15",
              "isHook": false,
              "skipped": false
            },
            {
              "title": "Delete the board",
              "fullTitle": "CRUD Operations on Trello Delete the board",
              "timedOut": null,
              "duration": 1904,
              "state": "passed",
              "speed": "fast",
              "pass": true,
              "fail": false,
              "pending": false,
              "context": null,
              "code": "cy.request({\n  method: \"DELETE\",\n  url: `${baseURl}/1/boards/${boardId}`,\n  qs: {\n    key: apikey,\n    token: apiToken\n  }\n}).then(response => {\n  expect(response.status).to.eq(200);\n  cy.log('Board deleted successfully');\n});",
              "err": {},
              "uuid": "4f3546b0-e8ff-4a04-b797-466322ec3944",
              "parentUUID": "fd0f1d22-e4c7-4b2b-80b3-56ee33eeef15",
              "isHook": false,
              "skipped": false
            }
          ],
          "suites": [],
          "passes": [
            "8c76c590-2384-491e-ab3b-e93aff138607",
            "8e6f09ff-655d-4577-b83e-ae23bf951ae4",
            "4f3546b0-e8ff-4a04-b797-466322ec3944"
          ],
          "failures": [],
          "pending": [],
          "skipped": [],
          "duration": 4127,
          "root": false,
          "rootEmpty": false,
          "_timeout": 2000
        }
      ],
      "passes": [],
      "failures": [],
      "pending": [],
      "skipped": [],
      "duration": 0,
      "root": true,
      "rootEmpty": true,
      "_timeout": 2000
    }
  ],
  "meta": {
    "mocha": {
      "version": "7.0.1"
    },
    "mochawesome": {
      "options": {
        "quiet": false,
        "reportFilename": "mochawesome",
        "saveHtml": true,
        "saveJson": true,
        "consoleReporter": "spec",
        "useInlineDiffs": false,
        "code": true
      },
      "version": "7.1.3"
    },
    "marge": {
      "options": {
        "reportDir": "cypress/reports/mocha",
        "overwrite": false,
        "html": true,
        "json": true
      },
      "version": "6.2.0"
    }
  }
}